<?xml version="1.0" encoding="UTF-8"?>
<!-- Generated by org.testng.reporters.JUnitReportReporter -->
<testsuite hostname="Z47U.local" name="com.pillartechnology.mail.MailDelivererTest" tests="2" failures="0" timestamp="11 Nov 2015 22:27:32 GMT" time="0.022" errors="0">
  <testcase name="setsTheTimestampOnTheEmail" time="0.003" classname="com.pillartechnology.mail.MailDelivererTest"/>
  <testcase name="sendsEmailByConstructingEmailObject" time="0.019" classname="com.pillartechnology.mail.MailDelivererTest"/>
</testsuite>
