<?xml version="1.0" encoding="UTF-8"?>
<!-- Generated by org.testng.reporters.JUnitReportReporter -->
<testsuite hostname="Z47U.local" name="com.pillartechnology.mail.AddressSplitterTest" tests="1" failures="0" timestamp="11 Nov 2015 22:27:32 GMT" time="0.041" errors="0">
  <testcase name="splitsAddressesByComma" time="0.041" classname="com.pillartechnology.mail.AddressSplitterTest"/>
</testsuite>
